<?xml version="1.0" encoding="UTF-8"?>
<!-- Generated by org.testng.reporters.JUnitReportReporter -->
<testsuite skipped="0" hostname="MININT-KHB690S" name="com.qa.test.DemoTest4" tests="4" failures="0" timestamp="09 Jan 2020 19:24:52 GMT" time="0.003" errors="0">
  <testcase name="mul" time="0.001" classname="com.qa.test.DemoTest4"/>
  <testcase name="add" time="0.001" classname="com.qa.test.DemoTest4"/>
  <testcase name="sub" time="0.001" classname="com.qa.test.DemoTest4"/>
  <testcase name="div" time="0.000" classname="com.qa.test.DemoTest4"/>
</testsuite> <!-- com.qa.test.DemoTest4 -->
