<?xml version="1.0" encoding="UTF-8"?>
<!-- Generated by org.testng.reporters.JUnitReportReporter -->
<testsuite skipped="0" hostname="DESKTOP-9639S42" name="com.qa.test.DemoTest1" tests="4" failures="0" timestamp="29 Jul 2019 23:27:47 GMT" time="0.011" errors="0">
  <testcase name="mul" time="0.001" classname="com.qa.test.DemoTest1"/>
  <testcase name="sub" time="0.001" classname="com.qa.test.DemoTest1"/>
  <testcase name="add" time="0.008" classname="com.qa.test.DemoTest1"/>
  <testcase name="div" time="0.001" classname="com.qa.test.DemoTest1"/>
</testsuite> <!-- com.qa.test.DemoTest1 -->
