<?xml version="1.0" encoding="UTF-8"?>
<!-- Generated by org.testng.reporters.JUnitReportReporter -->
<testsuite skipped="0" hostname="DESKTOP-9639S42" name="com.learnautomation.testcases.LoginTestFaceBook" tests="1" failures="0" timestamp="31 Jul 2019 20:46:28 GMT" time="10.099" errors="0">
  <testcase name="loginapp" time="10.099" classname="com.learnautomation.testcases.LoginTestFaceBook"/>
</testsuite> <!-- com.learnautomation.testcases.LoginTestFaceBook -->
