<?xml version="1.0" encoding="UTF-8"?>
<!-- Generated by org.testng.reporters.JUnitReportReporter -->
<testsuite skipped="0" hostname="MININT-KHB690S" name="com.qa.test.DemoTest2" tests="4" failures="0" timestamp="09 Jan 2020 19:24:52 GMT" time="0.012" errors="0">
  <testcase name="sub" time="0.002" classname="com.qa.test.DemoTest2"/>
  <testcase name="add" time="0.003" classname="com.qa.test.DemoTest2"/>
  <testcase name="mul" time="0.003" classname="com.qa.test.DemoTest2"/>
  <testcase name="div" time="0.004" classname="com.qa.test.DemoTest2"/>
</testsuite> <!-- com.qa.test.DemoTest2 -->
