<?xml version="1.0" encoding="UTF-8"?>
<!-- Generated by org.testng.reporters.JUnitReportReporter -->
<testsuite skipped="0" hostname="DESKTOP-9639S42" name="com.learnautomation.testcases.LoginTestFaceBook" tests="1" failures="0" timestamp="25 Aug 2019 06:42:16 GMT" time="8.230" errors="0">
  <testcase name="loginapp" time="8.230" classname="com.learnautomation.testcases.LoginTestFaceBook"/>
</testsuite> <!-- com.learnautomation.testcases.LoginTestFaceBook -->
