<?xml version="1.0" encoding="UTF-8"?>
<!-- Generated by org.testng.reporters.JUnitReportReporter -->
<testsuite skipped="0" hostname="DESKTOP-9639S42" name="com.learnautomation.utility.LoginTestFaceBook" tests="1" failures="0" timestamp="31 Jul 2019 00:44:21 GMT" time="7.457" errors="0">
  <testcase name="loginapp" time="7.457" classname="com.learnautomation.utility.LoginTestFaceBook"/>
</testsuite> <!-- com.learnautomation.utility.LoginTestFaceBook -->
