<?xml version="1.0" encoding="UTF-8"?>
<!-- Generated by org.testng.reporters.JUnitReportReporter -->
<testsuite skipped="0" hostname="MININT-KHB690S" name="com.learnautomation.testcases.LoginTestFaceBook" tests="1" failures="0" timestamp="09 Jan 2020 19:24:52 GMT" time="4.703" errors="0">
  <testcase name="loginapp" time="4.703" classname="com.learnautomation.testcases.LoginTestFaceBook"/>
</testsuite> <!-- com.learnautomation.testcases.LoginTestFaceBook -->
